0.041876 84
1.822538 1
0.111400 1
0.184048 1
0.231914 1
0.105242 1
0.549874 1
0.153044 1
0.136034 1
0.310605 1
0.513743 1
0.541939 11
1.138925 66
0.003133 2
0.000606 68
0.456773 52
0.000019 2
2.055329 12
0.002537 21
0.909287 12
0.000379 21
0.808831 33
1.413197 12
0.002999 21
1.734071 12
0.072988 64
0.824818 83
0.856092 71
0.342017 76
0.001511 36
0.005174 41
0.128242 41
0.064820 59
0.574123 61
0.729792 35
0.556601 81
0.452725 49
0.003619 93
69.525612 16
0.000268 2
0.001785 153
1.786518 82
0.972630 75
0.000918 2
0.929293 85
0.000689 2
1.398123 47
0.048007 59
0.213261 475
0.004610 41
2.794479 66
0.000825 2
5.517968 71
0.001080 2
53.660237 49
0.000750 2
0.847176 44
0.427784 75
2.003290 54
1.169906 52
1.290912 54
0.000125 56
0.000578 58
14.511655 47
0.059796 54
0.006916 90
0.676493 94
0.294677 96
0.000025 100
0.000170 194
0.015940 192
0.029716 166
0.040070 205
0.029135 182
0.019383 295
0.047090 185
0.027749 170
0.032380 90
0.058082 1210
0.033389 760
0.032681 886
0.059750 1597
0.070911 1874
0.000115 101
0.000997 497
0.162990 1659
0.036434 98
0.081831 96
0.070978 973
0.000013 84
0.024225 90
0.032923 498
0.012512 176
0.011528 439
0.012175 343
0.011717 337
0.012081 83
0.040661 713
0.059433 1048
0.012678 178
0.065334 500
0.075695 1089
0.025820 176
0.015927 83
0.016317 87
0.019422 370
0.020251 172
0.017368 352
0.031893 336
0.022296 82
0.097578 990
0.019170 85
0.023748 267
0.111756 340
0.000048 94
0.096078 99
0.045097 89
0.023896 188
0.000008 99
0.082306 87
0.056338 92
0.081368 348
0.029861 375
0.025369 85
0.063045 778
0.057572 344
0.029404 534
0.031096 672
0.025732 682
0.634339 59
0.604978 71
0.113353 822
0.000014 104
0.000116 104
0.000101 104
0.000187 208
0.000069 104
0.000099 104
0.000169 208
0.000068 104
0.000187 104
0.000076 104
0.000160 208
0.000164 104
0.000047 104
0.000180 208
0.000182 208
0.000081 104
0.000656 208
0.000174 208
0.000079 104
0.000198 208
0.000069 104
0.000114 104
0.000160 208
0.000079 104
0.000175 208
0.000150 208
0.000192 104
0.000174 206
0.000063 2
0.000155 208
0.000072 104
0.000181 208
0.002033 104
0.000177 206
0.000043 2
0.000495 104
0.000102 104
0.000181 208
0.000076 104
0.000252 312
0.000080 104
0.000172 208
0.000173 208
0.000071 104
0.000099 104
0.000182 208
0.001987 102
0.000610 2
0.000165 104
0.000258 104
0.000381 104
0.001794 104
0.000176 104
0.000095 104
0.000606 104
0.000190 208
0.000727 104
0.004056 104
0.000121 104
0.000201 104
0.003445 2392
0.005346 104
0.000239 104
0.000119 104
0.000214 208
0.000168 104
0.000044 104
0.000168 208
0.000191 208
0.000166 104
0.000064 104
0.000203 104
0.000089 104
0.000157 208
0.000160 208
0.000162 208
0.000321 104
0.000142 104
0.001576 104
0.000046 104
0.000189 104
0.000292 104
0.001936 104
0.000444 104
0.001557 104
0.000200 104
0.000072 104
0.000379 104
0.005324 104
0.000192 104
0.000099 104
0.000186 53
0.000044 104
0.000156 69
0.000170 172
0.000066 2
0.000098 46
0.000162 76
0.000170 155
0.000163 93
1.872195 54
0.159798 67
0.016245 54
0.006876 114
0.344760 181
0.061579 102
0.347940 101
0.037665 1780
0.000090 111
0.000013 2
0.000073 108
0.000012 2
0.000071 106
0.000011 2
0.000068 112
0.000011 2
0.000070 118
0.000010 2
0.000068 119
0.000010 2
0.000073 112
0.000011 2
0.000069 118
0.000010 2
0.000071 116
0.000010 2
0.000095 121
0.000011 2
0.000074 110
0.000010 2
0.000068 110
0.000010 2
0.000071 108
0.000010 2
0.240109 2137
0.000056 89
0.000011 2
0.000072 91
0.000011 2
0.000068 86
0.000011 2
0.000065 93
0.000010 2
0.000068 52
0.000010 2
0.000065 85
0.000010 2
0.000069 94
0.000032 2
0.000078 88
0.000011 2
0.000066 119
0.000011 2
0.000070 112
0.000010 2
0.000399 94
0.000011 2
0.000101 52
0.000011 2
0.000071 90
0.000010 2
0.000072 110
0.000010 2
0.000094 114
0.000011 2
0.000070 89
0.000010 2
0.000064 52
0.000010 2
0.000067 89
0.000011 2
0.000063 88
0.000010 2
0.045724 59
0.522244 1539
0.000066 102
0.000013 2
0.000076 102
0.000011 2
0.000071 102
0.000010 2
0.000143 102
0.000012 2
0.000073 102
0.000010 2
0.000071 102
0.000010 2
0.000068 102
0.000010 2
0.000069 102
0.000010 2
0.000066 102
0.000010 2
0.000070 102
0.000010 2
0.000066 102
0.000010 2
0.000070 102
0.000010 2
0.000065 102
0.000033 2
0.000073 102
0.000010 2
0.000092 102
0.000010 2
0.000073 102
0.000010 2
0.000068 102
0.000010 2
0.000070 102
0.000010 2
0.000068 102
0.000010 2
0.000063 23
0.000011 2
0.000068 42
0.000010 2
0.000073 103
0.000011 2
0.000067 66
0.000010 2
0.000062 23
0.000010 2
0.000067 48
0.000010 2
0.000070 43
0.000010 2
0.000092 44
0.000011 2
0.623649 249
0.884850 89
2.403489 294
0.070510 419
0.147308 99
0.350232 95
0.338347 104
0.215770 104
0.222640 104
0.153179 104
0.498179 104
0.183905 104
0.140457 104
0.142983 104
0.134457 104
0.160516 104
0.144092 104
0.156530 104
0.136267 104
0.170641 104
0.134944 104
0.205965 104
0.189520 104
0.276628 104
0.192662 104
0.173522 104
0.139753 104
0.161213 104
0.201109 104
0.392166 104
1.836318 104
4.194668 104
0.466349 104
0.752623 104
1.117299 104
0.046434 104
0.052412 104
0.065025 104
0.056460 104
0.055757 104
0.082891 104
0.089993 104
0.083005 104
0.056997 104
0.058245 104
0.057049 104
0.056470 104
0.058114 104
0.056752 104
0.058166 104
0.054195 104
0.057750 104
0.052365 104
0.056256 104
0.053922 104
0.044513 104
0.054639 104
0.053620 104
0.078474 104
0.062716 104
0.052352 104
0.053918 104
0.066216 104
0.321237 1269
0.000067 57
0.000011 2
0.000076 58
0.000011 2
0.000066 65
0.000011 2
0.000105 62
0.000011 2
0.000074 62
0.000011 2
0.000071 58
0.000010 2
0.000067 60
0.000010 2
0.000069 62
0.000010 2
0.000064 59
0.000010 2
0.000070 60
0.000010 2
0.000086 57
0.000011 2
0.000074 64
0.000010 2
0.000057 23
0.000010 2
0.000066 32
0.000011 2
0.456549 54
0.136785 67
0.015397 168
0.678022 183
0.355570 59
0.214084 71
0.007032 862
0.320263 99
0.030808 95
0.243952 104
0.245857 276
0.585560 54
0.151243 67
9.049420 54
0.008768 55
0.036581 114
4.313491 189
0.010985 113
0.881231 233
0.025614 340
0.012519 115
0.012097 125
0.014405 119
0.018260 254
0.030928 369
0.055624 97
0.000167 90
0.000011 93
0.000115 94
0.000089 120
0.000072 114
0.000086 88
0.000071 54
0.000010 88
0.000121 95
0.000011 90
0.400735 59
0.165322 1643
0.000058 102
0.000014 2
0.000076 102
0.000012 2
0.000064 23
0.000011 2
0.000070 42
0.000011 2
0.000094 103
0.000013 2
0.000084 66
0.000011 2
0.000059 23
0.000010 2
0.000067 48
0.000011 2
0.000066 43
0.000010 2
0.000066 44
0.000010 2
0.542100 243
5.463800 105
0.003491 187
0.015147 54
0.000314 81
0.001583 88
0.001217 73
0.000636 74
0.186936 50
0.034806 49
0.291917 51
0.000227 44
2.384511 104
7.578483 104
1.077351 104
0.211067 104
0.227145 104
0.139658 104
0.186925 104
0.291936 104
0.206768 104
0.245779 104
0.204144 104
0.874012 104
0.259390 104
0.053687 104
0.054935 104
0.053904 104
0.051715 104
0.117283 104
0.230923 104
0.079847 104
0.056899 104
0.064432 104
0.061275 104
0.049627 104
0.064566 104
0.269913 104
0.000780 547
0.001286 435
0.858093 57
0.000211 80
0.048791 87
0.017943 42
0.000208 87
0.000016 51
0.000244 189
0.000013 43
0.000238 60
0.000149 40
0.000013 74
0.000127 107
0.000124 161
0.000183 71
0.180464 62
0.269700 143
0.557351 249
0.201795 52
0.000021 2
2.154936 12
0.000256 21
1.007331 12
0.000308 21
0.805869 12
0.000657 21
1.611006 12
0.000370 21
1.478272 12
0.075187 64
0.877601 83
0.921599 76
0.093487 71
0.250401 76
0.003745 77
0.161022 39
0.000047 2
0.103705 57
0.000025 2
0.527498 61
0.160929 33
0.000018 2
0.398391 79
0.000592 2
0.373359 49
0.000327 93
54.415187 171
1.611652 16
0.000046 2
0.000012 62
0.000011 2
0.747666 75
0.000022 2
1.085242 85
0.000570 2
0.842236 47
0.060484 59
0.148314 475
0.007349 41
2.464230 66
0.000977 2
5.082006 73
48.428655 49
0.000753 2
0.703748 44
0.304782 75
1.456680 54
1.461992 52
0.886306 159
16.918607 47
0.003772 54
0.001391 90
0.357201 94
0.112914 96
0.000225 100
0.000235 95
0.001514 99
0.000204 94
0.000193 98
0.000217 81
0.000242 85
0.000461 101
0.000294 104
0.000243 88
0.000174 94
0.000199 97
0.000174 99
0.000106 99
0.000191 101
0.000174 84
0.000196 86
0.000180 84
0.000194 90
0.000181 79
0.001862 81
0.000243 83
0.000228 87
0.002248 91
0.000221 95
0.000229 85
0.000196 87
0.000190 81
0.000189 87
0.001333 91
0.000141 95
0.000466 84
0.000194 84
0.018615 89
0.000196 89
0.000207 95
0.000161 97
0.032636 100
0.000279 102
0.000449 92
0.001753 96
0.000267 95
0.000232 99
0.000234 93
0.000187 97
0.000205 82
0.002059 86
0.011214 82
0.000122 88
0.000149 81
0.014676 83
0.017727 86
0.011704 88
0.016215 91
0.000134 93
0.000171 102
0.000101 104
0.000113 90
0.000105 92
0.000104 88
0.000099 90
0.015655 81
0.011593 85
0.000103 79
0.000183 81
0.009892 84
0.000142 86
0.000147 88
0.000118 89
0.020961 99
0.000133 100
0.000149 82
0.000124 88
0.000103 81
0.073180 85
0.000089 83
0.000117 85
0.000097 90
0.000095 92
0.043007 89
0.000133 98
0.003366 96
0.008287 105
0.000145 92
0.000183 101
0.000098 100
0.000119 109
0.004785 625
0.002994 84
0.000122 88
0.030896 78
0.018878 82
0.014068 83
0.023805 85
0.001142 88
0.000526 94
0.027980 104
0.020959 88
0.000082 86
0.015736 172
0.011127 80
0.000143 84
0.010238 87
0.000147 91
0.000151 85
0.000119 89
0.000109 92
0.013154 91
0.100912 98
0.271435 96
0.000065 103
0.000114 83
0.000118 87
0.000078 86
0.000070 90
0.000064 85
0.000063 91
0.000061 87
0.000062 89
0.000061 84
0.000060 88
0.000059 84
0.497654 90
0.000267 82
0.000101 84
0.000113 83
0.014184 85
0.014662 81
0.000131 83
0.046931 85
0.000122 91
0.032609 90
0.000136 92
0.019136 84
0.000178 84
0.016441 89
0.000077 95
0.000096 82
0.000091 84
0.019284 82
0.000085 84
0.000091 85
0.000107 87
0.001493 81
0.057172 83
0.000170 84
0.000147 90
0.000522 88
0.000121 93
0.000112 84
0.000100 88
0.000093 91
0.000097 95
0.103185 83
0.000077 85
0.033047 104
0.000088 108
0.000091 82
0.000094 84
0.000088 78
0.000089 80
0.000092 88
0.000090 90
0.000142 81
0.000089 85
0.000088 87
0.001499 91
0.045499 80
0.000138 86
0.001807 334
0.013404 89
0.000067 91
0.000062 96
0.000066 98
0.000058 89
0.000065 91
0.000062 87
0.000063 89
0.022864 86
0.000068 88
0.000099 90
0.000083 95
0.033940 87
0.000099 89
0.000097 83
0.000078 87
0.000072 91
0.002386 803
0.013910 86
0.000101 88
0.000088 80
0.000084 82
0.014861 82
0.027717 86
0.000103 94
0.000095 95
0.000078 87
0.000067 91
0.001520 90
0.009127 97
0.000111 80
0.016226 84
0.000073 91
0.000095 95
0.016457 174
0.010245 87
0.000064 89
0.000015 2
0.000100 81
0.000068 85
0.000556 84
0.000100 90
0.011035 94
0.088715 99
0.027812 89
0.016674 94
0.002083 193
0.115231 87
0.062239 92
0.075910 78
0.000083 80
0.000096 92
0.000090 98
0.042739 101
0.000129 107
0.000160 80
0.000102 87
0.000115 85
0.039057 85
0.000019 2
0.034074 90
0.012388 92
0.027791 90
0.000082 92
0.000094 79
0.000093 81
0.010463 81
0.000084 86
0.083289 81
0.000081 83
0.000092 87
0.000095 93
0.037549 88
0.000105 92
0.000094 83
0.000092 89
0.000089 88
0.000091 94
0.000087 84
0.001509 588
0.041399 101
0.000152 105
0.000149 86
0.000143 90
0.000164 80
0.000128 84
0.000112 54
0.000115 82
0.595893 57
0.000585 2
0.515116 25
0.000096 46
0.000041 25
0.000069 105
0.000063 101
0.000061 104
0.000063 105
0.000057 36
0.000061 104
0.000055 34
0.001880 1768
0.000020 104
0.000090 208
0.000058 104
0.000089 104
0.000071 104
0.000050 104
0.000058 104
0.000060 104
0.001192 1872
0.000077 104
0.000034 104
0.000117 208
0.000063 104
0.000059 104
0.000056 104
0.000062 104
0.000066 104
0.000180 208
0.000047 104
0.000058 104
0.001543 1144
0.003199 104
0.000062 104
0.000061 104
0.000060 104
0.000101 104
0.000066 104
0.000061 104
0.000060 104
0.000059 104
0.000059 104
0.000059 104
0.000059 104
0.000059 104
0.000066 104
0.000154 104
0.000059 104
0.000061 104
0.000249 104
0.000086 104
0.000026 104
0.000060 104
0.000089 104
0.000029 104
0.000059 104
0.000055 104
0.000097 104
0.000057 104
0.000056 104
0.000060 104
0.000056 104
0.000059 104
0.000058 104
0.000058 104
0.000080 104
0.000035 104
0.000057 104
0.000057 104
0.000060 104
0.000055 104
0.000059 104
0.000056 104
0.000060 104
0.000086 104
0.000372 104
0.000098 104
0.000063 104
0.000057 104
0.000060 104
0.000057 104
0.000060 104
0.000055 104
0.000067 104
0.000075 104
0.000059 104
0.000058 104
0.000057 104
0.000060 104
0.000056 104
0.000100 104
0.000062 104
0.000061 104
0.000059 104
0.000059 104
0.000056 104
0.000059 104
0.000057 104
0.000058 104
0.000073 104
0.000066 104
0.000060 104
0.000059 104
0.004934 104
0.000100 53
0.000121 104
0.000016 25
0.000068 44
0.000072 105
0.000060 69
0.000063 46
0.000054 25
0.000063 51
0.000062 88
0.000082 67
0.000068 93
1.576520 54
0.155022 67
0.139232 55
0.000073 57
0.000086 47
0.094109 47
0.021926 54
0.000022 80
0.001924 102
0.337996 101
0.003117 997
0.133777 122
0.000074 107
0.000081 105
0.000065 117
0.000063 109
0.000066 110
0.000092 113
0.000050 113
0.000083 110
0.000062 108
0.000063 114
0.001518 2092
0.000035 212
0.000094 91
0.000034 127
0.000061 113
0.000092 100
0.000030 88
0.000056 89
0.001384 2000
0.198119 59
0.541171 25
0.001577 1826
0.000063 104
0.000088 104
0.000103 104
0.000078 104
0.000142 104
0.000052 104
0.000080 104
0.000124 104
0.000110 104
0.000060 102
0.000013 2
0.000068 104
0.000262 102
0.000011 2
0.000094 104
0.000072 102
0.000009 2
0.000078 102
0.000010 2
0.000067 104
0.000096 25
0.000108 44
0.000156 105
0.000139 68
0.000085 25
0.000073 48
0.000010 2
0.000068 45
0.000067 44
0.000010 2
0.802479 89
0.008010 160
0.704716 99
2.236073 105
0.001776 100
0.000026 89
0.099496 419
0.200159 50
0.023272 49
0.714487 51
0.001742 44
0.427734 104
0.284803 104
0.189552 104
0.145264 104
0.443340 104
0.194684 104
0.132426 104
0.134035 104
0.123597 104
0.136897 104
0.130577 104
0.144345 104
0.153327 104
0.127276 104
0.139260 104
0.227469 104
0.244588 104
0.329445 104
0.201955 104
0.187346 104
0.187810 104
0.198144 104
0.202586 104
0.284066 104
1.929437 104
3.903777 104
0.541629 104
0.888552 104
0.885520 104
0.040790 104
0.049112 104
0.049404 104
0.053936 104
0.050900 104
0.049873 104
0.052418 104
0.050081 104
0.052593 104
0.053172 104
0.053630 104
0.047559 104
0.047225 104
0.052201 104
0.045211 104
0.043915 104
0.048299 104
0.044518 104
0.049286 104
0.046012 104
0.041504 104
0.066938 104
0.049988 104
0.060184 104
0.045857 104
0.068792 104
0.097070 104
0.060360 104
0.320945 129
0.000925 755
0.000020 61
0.000325 67
0.002455 63
0.000019 62
0.000078 61
0.000069 71
0.000066 59
0.000062 60
0.000149 131
0.000070 64
0.000050 60
0.000131 126
0.000050 61
0.000064 62
0.000055 59
0.000048 66
0.000120 59
0.589565 54
0.172482 67
0.041622 55
0.000771 104
0.678094 47
0.000596 136
0.224862 59
0.288628 25
0.000469 525
0.000756 383
0.379183 99
0.010044 51
0.002313 44
0.352520 104
0.386968 104
0.000183 25
0.000101 35
0.000192 53
0.000187 25
0.000181 34
0.365997 54
0.099277 67
8.123531 55
0.000687 148
4.438052 47
0.046579 142
0.076878 113
0.499183 121
0.008487 112
0.031188 340
0.031185 240
0.016106 119
0.011243 117
0.018098 308
0.023465 198
0.028226 187
0.042897 836
0.296375 59
0.156513 71
0.013542 1780
0.000102 23
0.000015 2
0.000072 42
0.000012 2
0.000073 103
0.000011 2
0.000068 66
0.000011 2
0.000062 23
0.000011 2
0.000080 48
0.000011 2
0.000066 43
0.000011 2
0.000068 44
0.000011 2
0.405483 243
2.660852 205
0.044850 87
0.031646 370
0.126421 50
0.065000 49
0.254303 95
2.242961 104
6.330571 104
0.460586 104
0.260515 104
0.336892 104
0.148284 104
0.189531 104
0.295039 104
0.223031 104
0.266466 104
0.274667 104
1.045215 104
0.335340 104
0.064753 104
0.057813 104
0.068837 104
0.058939 104
0.055005 104
0.038632 104
0.061556 104
0.054978 104
0.056594 104
0.059873 104
0.051191 104
0.093290 104
0.281302 968
0.000078 57
0.000032 2
0.000110 23
0.000012 2
0.000076 32
0.000010 2
0.212525 8
0.000364 76
261.769436 18
0.685661 11
4.272361 53
0.081081 49
9.037560 22
0.749622 2
0.183757 292
1.492344 1
0.238763 1
0.360920 1
0.189247 83
2.007859 31
3.949100 2
0.388389 43
24.306117 1
0.109010 1
0.223708 1
0.146253 1
0.632977 89
0.795266 10
0.910362 2
0.042244 41
0.132584 65
1.591991 46
0.671854 31
0.281481 529
8.384673 30
0.767986 2
0.081126 95
2.698738 116
2.018462 118
1.912023 31
3.648481 2
0.439004 171
0.003533 41
9.167733 22
0.357115 2
2.383177 58
0.083766 43
1.132499 1
0.072964 1
0.309781 1
0.100523 1
0.336173 10
0.020852 79
12.545124 1
0.077108 1
0.311787 1
0.137276 1
0.523476 10
0.005627 84
1.571221 18
4.026918 11
4.804810 53
0.098669 49
12.353394 25
0.348059 2
0.089137 292
2.117574 1
0.091583 1
0.356794 1
0.289232 83
2.091396 34
3.041140 2
0.333444 53
0.061804 49
9.085285 10
1.579316 2
0.026079 41
0.177968 65
0.985757 62
1.630406 1
0.100083 46
0.941377 31
0.205528 529
8.955654 33
0.317067 2
0.053150 95
0.060591 292
1.328236 1
0.130458 1
0.337847 1
0.142390 2
1.659475 116
1.965503 118
1.926838 34
2.670048 2
0.495271 174
0.001159 41
7.964305 25
0.587797 2
2.110093 58
0.100587 49
1.346831 1
0.079634 1
0.288224 1
0.130177 1
0.340038 89
11.280621 18
0.829243 2
0.008732 76
2.927987 1
0.094930 1
0.266097 1
0.102345 1
0.532814 89
0.866025 18
0.780605 2
0.007277 76
2.600365 1
0.074143 1
0.276294 1
0.103392 1
0.476117 10
0.008306 84
1.615952 18
1.011918 11
4.087250 58
0.051101 49
35.887857 62
0.825796 2
2.162262 31
4.667781 2
0.902801 22
3.992968 31
4.552542 70
1.729871 2
0.389242 758
0.187687 41
9.607842 92
0.332543 2
3.111457 31
3.912917 2
0.913991 62
4.206395 2
0.123026 98
0.097767 97
0.017606 20
0.020733 207
0.023782 152
0.026196 69
0.021249 126
0.024925 87
0.022196 72
0.022183 81
0.022179 106
0.031611 34
0.067777 102
0.020301 228
0.033397 218
0.012414 164
0.016620 275
0.014326 20
0.013027 19
0.015151 120
0.014126 22
0.014511 49
0.011670 64
0.016768 99
0.013106 31
0.017526 32
0.008025 191
0.009695 50
0.014396 43
0.013529 220
0.014196 53
0.013843 69
0.015268 91
0.012637 79
0.012844 60
0.019507 1072
0.011444 258
0.011043 196
0.012871 1422
0.013619 98
0.358700 22
0.031710 57
0.023692 19
0.030078 22
0.065390 22
0.032853 49
0.034036 31
0.024321 248
0.020041 160
0.017188 28
0.029765 95
0.018132 114
0.011435 20
0.014157 21
0.023363 313
0.014808 40
0.024249 114
0.017536 116
0.015657 126
0.015319 172
0.008852 51
0.013042 202
0.026202 164
0.017386 105
0.021688 155
0.014151 127
0.015899 58
0.010178 21
0.007838 22
0.007300 24
0.016613 106
0.013437 43
0.010970 19
0.015579 107
0.012255 56
0.021009 111
0.005151 26
0.014215 300
0.013224 282
0.012321 166
0.009876 121
0.031413 152
0.013411 47
0.012476 51
0.015591 96
0.012234 52
0.012434 50
0.027836 103
0.012401 51
0.013496 53
0.011931 57
0.012255 56
0.014404 45
0.050514 54
0.023220 58
0.032296 189
0.016134 64
0.023026 179
0.013721 48
0.017340 102
0.015992 170
0.282127 99
0.019403 206
0.016341 91
0.022006 376
0.008561 20
0.025096 28
0.031754 44
0.029596 42
0.017067 205
0.018344 35
0.013210 239
0.012255 164
0.042806 181
0.032585 49
0.018299 54
0.011667 24
0.019110 52
0.018676 26
0.023777 313
0.023605 121
0.023203 101
0.036825 90
0.000025 110
0.015880 59
0.022309 86
0.018501 88
0.011792 94
0.014929 54
0.019513 329
0.010913 61
0.009788 26
0.019757 47
0.015449 29
0.023929 88
0.008695 86
0.015780 91
0.015744 184
0.018438 138
0.027690 134
0.003524 44
0.022253 175
0.008314 44
0.012657 89
0.020235 132
0.015729 94
0.023110 103
0.027927 103
0.015631 176
0.018330 166
0.014041 77
0.015086 195
0.015500 153
0.033834 81
0.012287 51
0.014332 54
0.011411 27
0.015092 82
0.015245 127
0.015664 466
0.016949 114
0.013687 35
0.017593 127
0.005158 27
0.013943 55
0.019728 158
0.016179 108
0.013477 55
0.016295 143
0.016445 101
0.013112 182
0.019901 270
0.015962 57
0.014686 69
0.012669 78
0.021041 94
0.009069 29
0.020357 68
0.016991 94
0.015701 96
0.013432 190
0.014685 130
0.016849 52
0.017037 147
0.035239 240
0.005233 43
0.033237 80
0.007854 46
0.047396 98
0.024437 42
0.012678 53
0.058637 178
0.065109 186
0.020401 28
0.024613 242
0.018888 27
0.021432 79
0.023121 128
0.015514 126
0.013166 105
0.027961 153
0.014334 154
0.013959 32
0.015994 63
0.023648 64
0.013305 28
0.011161 29
0.013072 173
0.020929 61
0.015287 83
0.011652 130
0.017298 33
0.017300 32
0.015388 142
0.021382 165
0.015489 323
0.006439 42
0.015018 85
0.019369 609
0.009967 296
0.022597 370
0.014862 109
0.013629 50
0.019077 164
0.015988 220
0.021710 82
0.017463 157
0.027251 232
0.470658 890
0.186653 41
8.907418 41
0.491645 2
2.812813 31
3.252327 2
0.898571 62
3.020164 2
0.134827 130
0.161835 41
30.971112 83
0.009203 63
1.521524 4
0.224016 4
0.020283 4
0.023473 4
0.018656 4
0.021659 4
0.019565 4
0.020820 4
0.019791 4
0.020614 4
0.019603 4
0.019376 4
0.020330 4
0.018922 4
0.020071 4
0.020937 4
0.024490 4
0.015773 4
0.020318 4
0.023224 4
0.022956 4
0.023117 4
0.024402 4
0.021961 4
0.023895 4
0.019361 4
0.027094 4
0.022136 4
0.023227 4
0.020300 4
0.020527 4
0.028156 4
0.021075 4
0.020400 4
0.024560 4
0.020853 4
0.020427 4
0.018911 4
0.554509 4
0.851107 2
3.316970 31
3.298583 2
0.934983 62
4.049572 2
0.390659 41
28.815991 1
0.112552 1
0.133615 1
0.301380 1
0.747140 12
0.690219 2
0.002973 49
11.917379 45
0.519960 2
0.004084 108
7.164396 1
0.285200 1
0.097757 1
0.115021 1
0.249922 1
0.233765 1
0.335703 1
0.629843 2
0.118303 43
1.064933 45
0.724326 2
16.336219 820
1.016942 2
0.976254 35
8.464511 43
0.768889 2
11.660116 101
0.635146 2
0.908468 35
8.295113 23
0.294196 2
0.685717 35
7.323124 35
0.328060 2
0.026983 122
0.110557 35
7.689310 33
0.281145 2
0.050582 35
7.396407 36
0.269555 2
0.018511 196
6.523741 35
0.292083 2
0.604272 165
0.004542 35
9.152797 35
0.176708 89
1.336049 2
0.038095 995
21.241119 1
0.179879 1
0.581015 1
1.074782 1
0.632824 1
0.136137 1
0.511206 1
0.433128 1
0.087061 1
0.547048 1
0.560449 2
0.015307 41
0.032886 57
1.142976 46
0.711528 31
0.897157 504
14.308586 30
0.354683 2
0.043327 83
0.077456 292
1.757139 1
0.069601 1
0.337034 1
0.150371 2
2.499895 112
1.875001 114
2.115110 31
3.923339 2
0.426369 171
0.015259 35
8.041648 22
0.436199 2
2.855468 58
0.097447 43
1.419709 1
0.059097 1
0.263177 1
0.103174 1
0.337269 10
0.007391 73
0.746362 22
0.178358 46
0.636772 73
0.621587 44
2.858273 2
0.012560 1000
0.800461 36
0.162839 81
0.587961 46
0.528201 73
0.509180 44
0.872133 89
0.566262 2
21.491380 35
3.033936 35
0.183664 89
2.243712 2
0.018049 1686
17.794973 27
0.324390 2
0.022515 620
0.004464 35
10.952841 35
0.337695 2
13.350223 208
0.562233 2
0.721978 35
7.411164 38
0.294708 2
0.016188 35
153.468201 9
0.825383 2
456.824594 39
0.828640 25
0.903108 2
0.098136 35
57.250715 21
0.301386 2
0.037963 35
11.341038 22
0.288818 2
0.015985 693
0.009158 35
84.858666 25
0.601244 2
0.048523 35
0.968995 25
0.135889 31
0.883577 2
0.020697 728
175.140486 36
0.303564 2
0.020355 1687
2278.838942 16
0.015548 7
1.592574 2
0.006250 3709
5.302070 1
0.232299 1
0.022630 1
0.015438 1
0.020161 1
0.018846 1
0.032132 1
0.152911 1
0.504542 2
0.011122 71
1.073319 1
0.081707 1
0.279704 1
0.130480 1
0.737968 10
0.003638 41
1.940753 1
0.083434 1
0.282528 1
0.092868 1
0.393831 10
0.020913 84
1.403379 1
0.081517 1
0.267856 1
0.103870 1
0.393272 17
